<?xml version="1.0" encoding="UTF-8"?>
<testsuites name="jest tests" tests="5" failures="0" errors="0" time="0.365">
  <testsuite name="Count user" errors="0" failures="0" skipped="0" timestamp="2026-03-27T04:50:33" time="0.304" tests="5">
    <testcase classname="Count user default user count" name="Count user default user count" time="0.002">
    </testcase>
    <testcase classname="Count user clear user and Count" name="Count user clear user and Count" time="0">
    </testcase>
    <testcase classname="remove user Remove one" name="remove user Remove one" time="0">
    </testcase>
    <testcase classname="remove user Remove Two" name="remove user Remove Two" time="0.001">
    </testcase>
    <testcase classname="remove user Remove from empty users" name="remove user Remove from empty users" time="0">
    </testcase>
  </testsuite>
</testsuites>